<?xml version="1.0" encoding="UTF-8"?>
<!-- Generated by org.testng.reporters.JUnitXMLReporter -->
<testsuite hostname="GOWDHAM" ignored="0" name="Default test(failed)" tests="1" failures="1" timestamp="07 Nov 2021 06:16:54 GMT" time="13.607" errors="0">
  <testcase name="serachhotels" time="0.0" classname="com.sample.TestNg">
    <failure type="org.testng.TestNGException" message="
Parameter &amp;apos;username&amp;apos; is required by @Test on method serachhotels but has not been marked @Optional or defined
in C:\Users\pc\eclipse-workspace\Maven\test-output\testng-failed.xml">
      <![CDATA[org.testng.TestNGException: 
Parameter 'username' is required by @Test on method serachhotels but has not been marked @Optional or defined
in C:\Users\pc\eclipse-workspace\Maven\test-output\testng-failed.xml
... Removed 24 stack frames]]>
    </failure>
  </testcase> <!-- serachhotels -->
</testsuite> <!-- Default test(failed) -->
